<?xml version="1.0" encoding="UTF-8"?>
<testsuite xmlns:xsi="http://www.w3.org/2001/XMLSchema-instance" xsi:noNamespaceSchemaLocation="https://maven.apache.org/surefire/maven-surefire-plugin/xsd/surefire-test-report-3.0.xsd" version="3.0" name="com.videocommerce.flink.InteractionFeatureJobTest" time="0.157" tests="9" errors="0" skipped="0" failures="0">
  <properties>
[...]
</properties>
  <testcase name="userAccumulatorBuildsSnapshotAndChronologicalSequence" classname="com.videocommerce.flink.InteractionFeatureJobTest" time="0.119">
    <system-err><![CDATA[SLF4J(W): No SLF4J providers were found.
SLF4J(W): Defaulting to no-operation (NOP) logger implementation
SLF4J(W): See https://www.slf4j.org/codes.html#noProviders for further details.
]]></system-err>
  </testcase>
  <testcase name="recommendationParserUsesTimestampThenMetadataCreatedAtForCreatedAt" classname="com.videocommerce.flink.InteractionFeatureJobTest" time="0.001"/>
  <testcase name="recommendationParserBuildsImpressionAndItemRows" classname="com.videocommerce.flink.InteractionFeatureJobTest" time="0.001"/>
  <testcase name="recommendationParserSkipsMalformedDisplayedItemsAndNoopsEmptySlates" classname="com.videocommerce.flink.InteractionFeatureJobTest" time="0.001"/>
  <testcase name="windowCountsCalculatesCtrAndCvrInputs" classname="com.videocommerce.flink.InteractionFeatureJobTest" time="0.001"/>
  <testcase name="parserUsesOccurredAtAndContextCategory" classname="com.videocommerce.flink.InteractionFeatureJobTest" time="0.01"/>
  <testcase name="parserRejectsEventsWithoutRequiredIds" classname="com.videocommerce.flink.InteractionFeatureJobTest" time="0.001"/>
  <testcase name="dlqPayloadIncludesSourceTopic" classname="com.videocommerce.flink.InteractionFeatureJobTest" time="0.006"/>
  <testcase name="recommendationParserRejectsEventsWithoutValidImpressionShape" classname="com.videocommerce.flink.InteractionFeatureJobTest" time="0.001"/>
</testsuite>